<?xml version="1.0" encoding="UTF-8"?>
<testng-results ignored="2" total="3" passed="1" failed="0" skipped="0">
  <reporter-output>
  </reporter-output>
  <suite started-at="2022-06-15T23:44:20 IST" name="Default suite" finished-at="2022-06-15T23:44:30 IST" duration-ms="10011">
    <groups>
    </groups>
    <test started-at="2022-06-15T23:44:20 IST" name="Default test" finished-at="2022-06-15T23:44:30 IST" duration-ms="10011">
      <class name="Test.ZerodhaLoginPageTest">
        <test-method is-config="true" signature="browser()[pri:0, instance:Test.ZerodhaLoginPageTest@169e6180]" started-at="2022-06-15T23:44:20 IST" name="browser" finished-at="2022-06-15T23:44:29 IST" duration-ms="9409" status="PASS">
          <reporter-output>
          </reporter-output>
        </test-method> <!-- browser -->
        <test-method signature="forgotPasswordLinkTest()[pri:0, instance:Test.ZerodhaLoginPageTest@169e6180]" started-at="2022-06-15T23:44:29 IST" name="forgotPasswordLinkTest" finished-at="2022-06-15T23:44:30 IST" duration-ms="481" status="PASS">
          <reporter-output>
          </reporter-output>
        </test-method> <!-- forgotPasswordLinkTest -->
      </class> <!-- Test.ZerodhaLoginPageTest -->
    </test> <!-- Default test -->
  </suite> <!-- Default suite -->
</testng-results>
