<?xml version="1.0" encoding="UTF-8"?>
<!-- Generated by org.testng.reporters.JUnitXMLReporter -->
<testsuite ignored="0" hostname="DESKTOP-4JLF2RS" failures="0" tests="4" name="Test" time="95.663" errors="0" timestamp="2022-06-09T14:16:49 IST">
  <testcase classname="Test.ZerodhaLoginPageTest" name="LoginWithValidCredentialsTest" time="4.582"/>
  <testcase classname="Test.ZerodhaLoginPageTest" name="SignUpClick" time="0.109"/>
  <testcase classname="Test.ZerodhaLoginPageTest" name="forgotPasswordLinkTest" time="0.177"/>
  <testcase classname="Test.ZerodaPinPageTest" name="LoginWithZerodaPinTest" time="3.722"/>
</testsuite> <!-- Test -->
