<?xml version="1.0" encoding="UTF-8"?>
<!-- Generated by org.testng.reporters.JUnitXMLReporter -->
<testsuite ignored="2" hostname="DESKTOP-4JLF2RS" failures="0" tests="1" name="Default test" time="10.011" errors="0" timestamp="2022-06-15T23:44:30 IST">
  <testcase classname="Test.ZerodhaLoginPageTest" name="forgotPasswordLinkTest" time="0.481"/>
  <testcase classname="Test.ZerodhaLoginPageTest" name="SignUpClick" time="0.0">
    <ignored/>
  </testcase> <!-- SignUpClick -->
  <testcase classname="Test.ZerodhaLoginPageTest" name="LoginWithValidCredentialsTest" time="0.0">
    <ignored/>
  </testcase> <!-- LoginWithValidCredentialsTest -->
</testsuite> <!-- Default test -->
